4/14/2016 7:32:11 PM	This log contains information about the import schema operation into project 'RestaurantDatabase' on computer 'BB20411' by user 'programmer'.
4/14/2016 7:32:11 PM	Import of database schema has started.
4/14/2016 7:32:12 PM	Gathering database options
4/14/2016 7:32:12 PM	Gathering users
4/14/2016 7:32:12 PM	Gathering roles
4/14/2016 7:32:12 PM	Gathering application roles
4/14/2016 7:32:12 PM	Gathering role memberships
4/14/2016 7:32:12 PM	Gathering filegroups
4/14/2016 7:32:12 PM	Gathering full-text catalogs
4/14/2016 7:32:12 PM	Gathering assemblies
4/14/2016 7:32:12 PM	Gathering certificates
4/14/2016 7:32:12 PM	Gathering asymmetric keys
4/14/2016 7:32:12 PM	Gathering symmetric keys
4/14/2016 7:32:12 PM	Gathering encrypted symmetric keys
4/14/2016 7:32:12 PM	Gathering schemas
4/14/2016 7:32:12 PM	Gathering XML schema collections
4/14/2016 7:32:12 PM	Gathering user-defined data types
4/14/2016 7:32:12 PM	Gathering user-defined types
4/14/2016 7:32:12 PM	Gathering table types
4/14/2016 7:32:12 PM	Gathering unique keys for table types
4/14/2016 7:32:12 PM	Gathering primary keys for table types
4/14/2016 7:32:12 PM	Gathering check constraints for table types
4/14/2016 7:32:12 PM	Gathering default constraints for table types
4/14/2016 7:32:12 PM	Gathering partition functions
4/14/2016 7:32:12 PM	Gathering partition schemes
4/14/2016 7:32:12 PM	Gathering functions
4/14/2016 7:32:12 PM	Gathering encrypted functions
4/14/2016 7:32:12 PM	Gathering aggregates
4/14/2016 7:32:12 PM	Gathering procedures
4/14/2016 7:32:12 PM	Gathering encrypted procedures
4/14/2016 7:32:12 PM	Gathering tables
4/14/2016 7:32:12 PM	Gathering primary keys
4/14/2016 7:32:12 PM	Gathering unique constraints
4/14/2016 7:32:12 PM	Gathering foreign keys
4/14/2016 7:32:12 PM	Gathering default constraints
4/14/2016 7:32:12 PM	Gathering check constraints
4/14/2016 7:32:12 PM	Gathering views
4/14/2016 7:32:13 PM	Gathering encrypted views
4/14/2016 7:32:13 PM	Gathering indexes
4/14/2016 7:32:13 PM	Gathering statistics
4/14/2016 7:32:13 PM	Gathering full-text index stoplists
4/14/2016 7:32:13 PM	Gathering full-text indexes
4/14/2016 7:32:13 PM	Gathering spatial indexes
4/14/2016 7:32:13 PM	Gathering XML indexes
4/14/2016 7:32:13 PM	Gathering encrypted triggers
4/14/2016 7:32:13 PM	Gathering triggers
4/14/2016 7:32:13 PM	Gathering encrypted and clr ddl triggers
4/14/2016 7:32:13 PM	Gathering ddl triggers
4/14/2016 7:32:13 PM	Gathering synonyms
4/14/2016 7:32:13 PM	Gathering defaults
4/14/2016 7:32:13 PM	Gathering data constraint uddt bindings
4/14/2016 7:32:13 PM	Gathering rules
4/14/2016 7:32:13 PM	Gathering data constraint uddt bindings
4/14/2016 7:32:13 PM	Gathering message types
4/14/2016 7:32:13 PM	Gathering queues
4/14/2016 7:32:13 PM	Gathering contracts
4/14/2016 7:32:13 PM	Gathering services
4/14/2016 7:32:13 PM	Gathering event notifications
4/14/2016 7:32:13 PM	Gathering remote service bindings
4/14/2016 7:32:13 PM	Gathering broker priorities
4/14/2016 7:32:13 PM	Gathering signatures
4/14/2016 7:32:13 PM	Gathering data compression options
4/14/2016 7:32:13 PM	Gathering extended properties
4/14/2016 7:32:13 PM	Gathering credentials
4/14/2016 7:32:13 PM	Gathering logins
4/14/2016 7:32:13 PM	Gathering server audits
4/14/2016 7:32:14 PM	Scanning project for duplicate elements
4/14/2016 7:32:14 PM	Finished duplicate element processing
4/14/2016 7:32:15 PM	Finished importing database.
4/14/2016 7:32:15 PM	A summary of the import was saved to the following location: C:\temp\repo\Restaurant-Project\RestaurantDatabase\Import Schema Logs\RestaurantDatabase_20160415123211.log
4/14/2016 7:32:15 PM	Click Finish to continue...
